Sat Mar 12 16:40:17 HSP 2022: 
test.c: In function 'test_suma_n':
test.c:82:17: error: passing argument 1 to restrict-qualified parameter aliases with argument 3 [-Werror=restrict]
         sprintf(msg,"%.50s %d,",msg,a[i]);
                 ^~~             ~~~
test.c:84:13: error: passing argument 1 to restrict-qualified parameter aliases with argument 3 [-Werror=restrict]
     sprintf(msg,"%.50s]",msg);
             ^~~          ~~~
cc1.exe: all warnings being treated as errors
Compilation failed
1fb5a50
Sat Mar 12 16:42:10 HSP 2022: 
test.c: In function 'test_suma_n':
test.c:82:17: error: passing argument 1 to restrict-qualified parameter aliases with argument 3 [-Werror=restrict]
         sprintf(msg,"%.50s %d,",msg,a[i]);
                 ^~~             ~~~
test.c:84:13: error: passing argument 1 to restrict-qualified parameter aliases with argument 3 [-Werror=restrict]
     sprintf(msg,"%.50s]",msg);
             ^~~          ~~~
cc1.exe: all warnings being treated as errors
Compilation failed
e8b8060
Sat Mar 12 16:47:39 HSP 2022: 
test.c: In function 'test_suma_n':
test.c:82:17: error: passing argument 1 to restrict-qualified parameter aliases with argument 3 [-Werror=restrict]
         sprintf(msg,"%.50s %d,",msg,a[i]);
                 ^~~             ~~~
test.c:84:13: error: passing argument 1 to restrict-qualified parameter aliases with argument 3 [-Werror=restrict]
     sprintf(msg,"%.50s]",msg);
             ^~~          ~~~
cc1.exe: all warnings being treated as errors
Compilation failed
fdb787b
Sat Mar 12 16:49:24 HSP 2022: 
test.c: In function 'test_suma_n':
test.c:82:17: error: passing argument 1 to restrict-qualified parameter aliases with argument 3 [-Werror=restrict]
         sprintf(msg,"%.50s %d,",msg,a[i]);
                 ^~~             ~~~
test.c:84:13: error: passing argument 1 to restrict-qualified parameter aliases with argument 3 [-Werror=restrict]
     sprintf(msg,"%.50s]",msg);
             ^~~          ~~~
cc1.exe: all warnings being treated as errors
Compilation failed
78bef8a
Sat Mar 12 16:53:12 HSP 2022: 
test.c: In function 'test_suma_n':
test.c:82:17: error: passing argument 1 to restrict-qualified parameter aliases with argument 3 [-Werror=restrict]
         sprintf(msg,"%.50s %d,",msg,a[i]);
                 ^~~             ~~~
test.c:84:13: error: passing argument 1 to restrict-qualified parameter aliases with argument 3 [-Werror=restrict]
     sprintf(msg,"%.50s]",msg);
             ^~~          ~~~
cc1.exe: all warnings being treated as errors
Compilation failed
3039178
Sat Mar 12 17:00:29 HSP 2022: 
 exercises.c | 2 +-
 1 file changed, 1 insertion(+), 1 deletion(-)
test.c: In function 'test_suma_n':
test.c:82:17: error: passing argument 1 to restrict-qualified parameter aliases with argument 3 [-Werror=restrict]
         sprintf(msg,"%.50s %d,",msg,a[i]);
                 ^~~             ~~~
test.c:84:13: error: passing argument 1 to restrict-qualified parameter aliases with argument 3 [-Werror=restrict]
     sprintf(msg,"%.50s]",msg);
             ^~~          ~~~
cc1.exe: all warnings being treated as errors
Compilation failed
eebe18a
Sat Mar 12 17:02:27 HSP 2022: 
test.c: In function 'test_suma_n':
test.c:82:17: error: passing argument 1 to restrict-qualified parameter aliases with argument 3 [-Werror=restrict]
         sprintf(msg,"%.50s %d,",msg,a[i]);
                 ^~~             ~~~
test.c:84:13: error: passing argument 1 to restrict-qualified parameter aliases with argument 3 [-Werror=restrict]
     sprintf(msg,"%.50s]",msg);
             ^~~          ~~~
cc1.exe: all warnings being treated as errors
Compilation failed
61c9d49
Sat Mar 12 17:02:51 HSP 2022: 
test.c: In function 'test_suma_n':
test.c:82:17: error: passing argument 1 to restrict-qualified parameter aliases with argument 3 [-Werror=restrict]
         sprintf(msg,"%.50s %d,",msg,a[i]);
                 ^~~             ~~~
test.c:84:13: error: passing argument 1 to restrict-qualified parameter aliases with argument 3 [-Werror=restrict]
     sprintf(msg,"%.50s]",msg);
             ^~~          ~~~
cc1.exe: all warnings being treated as errors
Compilation failed
e62161e
Sat Mar 12 17:03:47 HSP 2022: 
test.c: In function 'test_suma_n':
test.c:82:17: error: passing argument 1 to restrict-qualified parameter aliases with argument 3 [-Werror=restrict]
         sprintf(msg,"%.50s %d,",msg,a[i]);
                 ^~~             ~~~
test.c:84:13: error: passing argument 1 to restrict-qualified parameter aliases with argument 3 [-Werror=restrict]
     sprintf(msg,"%.50s]",msg);
             ^~~          ~~~
cc1.exe: all warnings being treated as errors
Compilation failed
385f75e
Sat Mar 12 17:04:52 HSP 2022: 
test.c: In function 'test_suma_n':
test.c:82:17: error: passing argument 1 to restrict-qualified parameter aliases with argument 3 [-Werror=restrict]
         sprintf(msg,"%.50s %d,",msg,a[i]);
                 ^~~             ~~~
test.c:84:13: error: passing argument 1 to restrict-qualified parameter aliases with argument 3 [-Werror=restrict]
     sprintf(msg,"%.50s]",msg);
             ^~~          ~~~
cc1.exe: all warnings being treated as errors
Compilation failed
0ec8122
Sat Mar 12 17:05:43 HSP 2022: 
 tests:  1|6
total_score: 10/70
320cedb
Sun Mar 13 21:19:34 UTC 2022: 
 exercises.c | 2 +-
 1 file changed, 1 insertion(+), 1 deletion(-)
 tests:  2|5
total_score: 20/70
5109f75
Sun Mar 13 21:26:25 UTC 2022: 
 tests:  1|6
total_score: 10/70
4b17ddf
Sun Mar 13 21:29:25 UTC 2022: 
 tests:  1|6
total_score: 10/70
93e3a5d
Sun Mar 13 21:36:31 UTC 2022: 
 tests:  1|6
total_score: 10/70
d87e5b9
Sun Mar 13 21:37:32 UTC 2022: 
 tests:  1|6
total_score: 10/70
33752e5
Sun Mar 13 21:38:13 UTC 2022: 
 tests:  1|6
total_score: 10/70
f646c48
Sun Mar 13 21:39:01 UTC 2022: 
 exercises.c | 2 +-
 1 file changed, 1 insertion(+), 1 deletion(-)
 tests:  1|6
total_score: 10/70
779723b
Sun Mar 13 21:39:18 UTC 2022: 
 exercises.c | 2 +-
 1 file changed, 1 insertion(+), 1 deletion(-)
 tests:  1|6
total_score: 10/70
4a185a1
Sun Mar 13 21:40:32 UTC 2022: 
 exercises.c | 2 +-
 1 file changed, 1 insertion(+), 1 deletion(-)
 tests:  2|5
total_score: 20/70
d78c501
Sun Mar 13 21:44:25 UTC 2022: 
 exercises.c | 6 +++++-
 1 file changed, 5 insertions(+), 1 deletion(-)
In file included from test.c:5:0:
exercises.c: In function ‘crearPersona’:
exercises.c:60:3: error: implicit declaration of function ‘strcpty’; did you mean ‘strcpy’? [-Werror=implicit-function-declaration]
   strcpty(datos->rut,rut);
   ^~~~~~~
   strcpy
cc1: all warnings being treated as errors
Compilation failed
ad1f579
Sun Mar 13 21:44:33 UTC 2022: 
 exercises.c | 2 +-
 1 file changed, 1 insertion(+), 1 deletion(-)
 tests:  3|4
total_score: 30/70
758dff1
Sun Mar 13 23:25:36 UTC 2022: 
 exercises.c | 3 ++-
 1 file changed, 2 insertions(+), 1 deletion(-)
 tests:  3|4
total_score: 30/70
9a82eff
Sun Mar 13 23:27:16 UTC 2022: 
 exercises.c | 4 ++--
 1 file changed, 2 insertions(+), 2 deletions(-)
In file included from test.c:5:0:
exercises.c: In function ‘crearVector’:
exercises.c:80:10: error: ‘chapalele’ undeclared (first use in this function); did you mean ‘chapalelo’?
   return chapalele;
          ^~~~~~~~~
          chapalelo
exercises.c:80:10: note: each undeclared identifier is reported only once for each function it appears in
exercises.c:79:11: error: unused variable ‘chapalelo’ [-Werror=unused-variable]
   Vector* chapalelo = (Vector *) calloc (n,sizeof(Vector));
           ^~~~~~~~~
exercises.c:81:1: error: control reaches end of non-void function [-Werror=return-type]
 }
 ^
cc1: all warnings being treated as errors
Compilation failed
fdbd1cd
Sun Mar 13 23:27:26 UTC 2022: 
 exercises.c | 2 +-
 1 file changed, 1 insertion(+), 1 deletion(-)
 tests:  3|4
total_score: 30/70
d80e508
Sun Mar 13 23:39:08 UTC 2022: 
 exercises.c | 5 +++--
 1 file changed, 3 insertions(+), 2 deletions(-)
In file included from test.c:5:0:
exercises.c: In function ‘crearVector’:
exercises.c:79:9: error: expected identifier or ‘(’ before ‘->’ token
   Vector->capacidad = n;
         ^~
Compilation failed
cf57345
Sun Mar 13 23:39:18 UTC 2022: 
 exercises.c | 2 +-
 1 file changed, 1 insertion(+), 1 deletion(-)
In file included from test.c:5:0:
exercises.c: In function ‘crearVector’:
exercises.c:79:9: error: expected identifier or ‘(’ before ‘.’ token
   Vector.capacidad = n;
         ^
Compilation failed
b7d29eb
Sun Mar 13 23:39:42 UTC 2022: 
 exercises.c | 2 +-
 1 file changed, 1 insertion(+), 1 deletion(-)
In file included from test.c:5:0:
exercises.c: In function ‘crearVector’:
exercises.c:79:9: error: expected identifier or ‘(’ before ‘->’ token
   Vector->capacidad = n;
         ^~
Compilation failed
59e555a
Sun Mar 13 23:40:50 UTC 2022: 
 exercises.c | 2 +-
 1 file changed, 1 insertion(+), 1 deletion(-)
In file included from test.c:5:0:
exercises.c: In function ‘crearVector’:
exercises.c:79:9: error: expected identifier or ‘(’ before ‘.’ token
   Vector.capacidad = n;
         ^
Compilation failed
915cce8
Sun Mar 13 23:41:01 UTC 2022: 
 exercises.c | 2 +-
 1 file changed, 1 insertion(+), 1 deletion(-)
In file included from test.c:5:0:
exercises.c: In function ‘crearVector’:
exercises.c:79:9: error: expected identifier or ‘(’ before ‘->’ token
   Vector->capacidad = n;
         ^~
Compilation failed
9b2c737
Sun Mar 13 23:41:32 UTC 2022: 
 exercises.c | 2 +-
 1 file changed, 1 insertion(+), 1 deletion(-)
In file included from test.c:5:0:
exercises.c: In function ‘crearVector’:
exercises.c:79:9: error: expected identifier or ‘(’ before ‘->’ token
   Vector->capacidad = n;
         ^~
exercises.c:80:38: error: expected expression before ‘Vector’
   Vector* datos = (Vector *) calloc (Vector->capacidad,sizeof(Vector));
                                      ^~~~~~
exercises.c:80:30: error: too few arguments to function ‘calloc’
   Vector* datos = (Vector *) calloc (Vector->capacidad,sizeof(Vector));
                              ^~~~~~
In file included from test.c:2:0:
/usr/include/stdlib.h:541:14: note: declared here
 extern void *calloc (size_t __nmemb, size_t __size)
              ^~~~~~
Compilation failed
ec62105
Sun Mar 13 23:41:40 UTC 2022: 
 exercises.c | 2 +-
 1 file changed, 1 insertion(+), 1 deletion(-)
In file included from test.c:5:0:
exercises.c: In function ‘crearVector’:
exercises.c:79:9: error: expected identifier or ‘(’ before ‘->’ token
   Vector->capacidad = n;
         ^~
exercises.c:80:38: error: expected expression before ‘Vector’
   Vector* datos = (Vector *) calloc (Vector.capacidad,sizeof(Vector));
                                      ^~~~~~
exercises.c:80:30: error: too few arguments to function ‘calloc’
   Vector* datos = (Vector *) calloc (Vector.capacidad,sizeof(Vector));
                              ^~~~~~
In file included from test.c:2:0:
/usr/include/stdlib.h:541:14: note: declared here
 extern void *calloc (size_t __nmemb, size_t __size)
              ^~~~~~
Compilation failed
d670485
Sun Mar 13 23:41:50 UTC 2022: 
 exercises.c | 2 +-
 1 file changed, 1 insertion(+), 1 deletion(-)
In file included from test.c:5:0:
exercises.c: In function ‘crearVector’:
exercises.c:79:9: error: expected identifier or ‘(’ before ‘->’ token
   Vector->capacidad = n;
         ^~
exercises.c:80:38: error: expected expression before ‘Vector’
   Vector* datos = (Vector *) calloc (Vector->capacidad,sizeof(Vector));
                                      ^~~~~~
exercises.c:80:30: error: too few arguments to function ‘calloc’
   Vector* datos = (Vector *) calloc (Vector->capacidad,sizeof(Vector));
                              ^~~~~~
In file included from test.c:2:0:
/usr/include/stdlib.h:541:14: note: declared here
 extern void *calloc (size_t __nmemb, size_t __size)
              ^~~~~~
Compilation failed
53130b6
Sun Mar 13 23:43:24 UTC 2022: 
 exercises.c | 2 +-
 1 file changed, 1 insertion(+), 1 deletion(-)
In file included from test.c:5:0:
exercises.c: In function ‘crearVector’:
exercises.c:79:9: error: expected identifier or ‘(’ before ‘->’ token
   Vector->capacidad = n;
         ^~
Compilation failed
dcd134f
Sun Mar 13 23:43:35 UTC 2022: 
 exercises.c | 2 +-
 1 file changed, 1 insertion(+), 1 deletion(-)
 tests:  3|4
total_score: 30/70
a29d5f8
Sun Mar 13 23:47:45 UTC 2022: 
 exercises.c | 1 +
 1 file changed, 1 insertion(+)
In file included from test.c:5:0:
exercises.c: In function ‘crearVector’:
exercises.c:79:11: error: unused variable ‘chapalele’ [-Werror=unused-variable]
   Vector* chapalele = (Vector*) malloc (sizeof(Vector));
           ^~~~~~~~~
cc1: all warnings being treated as errors
Compilation failed
33acc54
Sun Mar 13 23:48:35 UTC 2022: 
 exercises.c | 2 +-
 1 file changed, 1 insertion(+), 1 deletion(-)
In file included from test.c:5:0:
exercises.c: In function ‘crearVector’:
exercises.c:81:11: error: unused variable ‘datos’ [-Werror=unused-variable]
   Vector* datos = (Vector *) calloc (n,sizeof(Vector));
           ^~~~~
cc1: all warnings being treated as errors
Compilation failed
fff9e12
Sun Mar 13 23:48:47 UTC 2022: 
 exercises.c | 2 +-
 1 file changed, 1 insertion(+), 1 deletion(-)
In file included from test.c:5:0:
exercises.c: In function ‘crearVector’:
exercises.c:81:11: error: redefinition of ‘chapalele’
   Vector* chapalele = (Vector *) calloc (n,sizeof(Vector));
           ^~~~~~~~~
exercises.c:79:11: note: previous definition of ‘chapalele’ was here
   Vector* chapalele = (Vector*) malloc (sizeof(Vector));
           ^~~~~~~~~
Compilation failed
1ced34c
Sun Mar 13 23:49:56 UTC 2022: 
 exercises.c | 2 +-
 1 file changed, 1 insertion(+), 1 deletion(-)
In file included from test.c:5:0:
exercises.c: In function ‘crearVector’:
exercises.c:81:20: error: assignment from incompatible pointer type [-Werror=incompatible-pointer-types]
   chapalele->datos = (Vector *) calloc (n,sizeof(Vector));
                    ^
cc1: all warnings being treated as errors
Compilation failed
aa046e8
Sun Mar 13 23:50:18 UTC 2022: 
 exercises.c | 2 +-
 1 file changed, 1 insertion(+), 1 deletion(-)
In file included from test.c:5:0:
exercises.c: In function ‘crearVector’:
exercises.c:81:20: error: expected ‘=’, ‘,’, ‘;’, ‘asm’ or ‘__attribute__’ before ‘->’ token
   Vector* chapalele->datos = (Vector *) calloc (n,sizeof(Vector));
                    ^~
exercises.c:81:20: error: expected expression before ‘->’ token
Compilation failed
dbcbba6
Sun Mar 13 23:50:25 UTC 2022: 
 exercises.c | 2 +-
 1 file changed, 1 insertion(+), 1 deletion(-)
In file included from test.c:5:0:
exercises.c: In function ‘crearVector’:
exercises.c:81:20: error: expected ‘=’, ‘,’, ‘;’, ‘asm’ or ‘__attribute__’ before ‘.’ token
   Vector* chapalele.datos = (Vector *) calloc (n,sizeof(Vector));
                    ^
exercises.c:81:20: error: expected expression before ‘.’ token
Compilation failed
c9307a0
Sun Mar 13 23:50:32 UTC 2022: 
 exercises.c | 2 +-
 1 file changed, 1 insertion(+), 1 deletion(-)
In file included from test.c:5:0:
exercises.c: In function ‘crearVector’:
exercises.c:81:20: error: expected ‘=’, ‘,’, ‘;’, ‘asm’ or ‘__attribute__’ before ‘->’ token
   Vector* chapalele->datos = (Vector *) calloc (n,sizeof(Vector));
                    ^~
exercises.c:81:20: error: expected expression before ‘->’ token
Compilation failed
f6b04ee
Sun Mar 13 23:52:06 UTC 2022: 
 exercises.c | 2 +-
 1 file changed, 1 insertion(+), 1 deletion(-)
In file included from test.c:5:0:
exercises.c: In function ‘crearVector’:
exercises.c:81:11: error: unused variable ‘datos’ [-Werror=unused-variable]
   Vector* datos = (Vector *) calloc (n,sizeof(Vector));
           ^~~~~
cc1: all warnings being treated as errors
Compilation failed
cb0ea7e
Sun Mar 13 23:52:48 UTC 2022: 
 exercises.c | 2 +-
 1 file changed, 1 insertion(+), 1 deletion(-)
In file included from test.c:5:0:
exercises.c: In function ‘crearVector’:
exercises.c:79:11: error: unused variable ‘chapalele’ [-Werror=unused-variable]
   Vector* chapalele = (Vector*) malloc (sizeof(Vector));
           ^~~~~~~~~
cc1: all warnings being treated as errors
Compilation failed
c311c9c
Sun Mar 13 23:53:22 UTC 2022: 
 exercises.c | 2 +-
 1 file changed, 1 insertion(+), 1 deletion(-)
In file included from test.c:5:0:
exercises.c: In function ‘crearVector’:
exercises.c:81:14: error: ‘datos’ undeclared (first use in this function); did you mean ‘acos’?
   chapalele* datos = (Vector *) calloc (n,sizeof(Vector));
              ^~~~~
              acos
exercises.c:81:14: note: each undeclared identifier is reported only once for each function it appears in
exercises.c:83:1: error: control reaches end of non-void function [-Werror=return-type]
 }
 ^
cc1: all warnings being treated as errors
Compilation failed
564496b
Sun Mar 13 23:55:08 UTC 2022: 
 exercises.c | 2 +-
 1 file changed, 1 insertion(+), 1 deletion(-)
In file included from test.c:5:0:
exercises.c: In function ‘crearVector’:
exercises.c:81:20: error: assignment from incompatible pointer type [-Werror=incompatible-pointer-types]
   chapalele->datos = (Vector *) calloc (n,sizeof(Vector));
                    ^
exercises.c:82:10: error: ‘datos’ undeclared (first use in this function); did you mean ‘acos’?
   return datos;
          ^~~~~
          acos
exercises.c:82:10: note: each undeclared identifier is reported only once for each function it appears in
exercises.c:83:1: error: control reaches end of non-void function [-Werror=return-type]
 }
 ^
cc1: all warnings being treated as errors
Compilation failed
94ff93e
Sun Mar 13 23:56:15 UTC 2022: 
 exercises.c | 2 +-
 1 file changed, 1 insertion(+), 1 deletion(-)
In file included from test.c:5:0:
exercises.c: In function ‘crearVector’:
exercises.c:81:20: error: assignment from incompatible pointer type [-Werror=incompatible-pointer-types]
   chapalele->datos = (Vector *) calloc (n,sizeof(Vector));
                    ^
exercises.c:82:10: error: ‘datos’ undeclared (first use in this function); did you mean ‘acos’?
   return datos;
          ^~~~~
          acos
exercises.c:82:10: note: each undeclared identifier is reported only once for each function it appears in
exercises.c:83:1: error: control reaches end of non-void function [-Werror=return-type]
 }
 ^
cc1: all warnings being treated as errors
Compilation failed
c04189e
